Using pre-set license
Built from '2020.3/staging' branch; Version is '2020.3.17f1 (a4537701e4ab) revision 10769271'; Using compiler version '192528614'; Build Type 'Release'
OS: 'Windows 10 Home; OS build 19043.1165; Version 2009; 64bit' Language: 'en' Physical Memory: 16298 MB
BatchMode: 1, IsHumanControllingUs: 0, StartBugReporterOnCrash: 0, Is64bit: 1, IsPro: 0

COMMAND LINE ARGUMENTS:
C:\Program Files\Unity\Hub\Editor\2020.3.17f1\Editor\Unity.exe
-adb2
-batchMode
-noUpm
-name
AssetImportWorker0
-projectPath
V:/Nu_Folder/For_Unity_Projects/UnityProject_For360Video
-logFile
Logs/AssetImportWorker0.log
-srvPort
54450
Successfully changed project path to: V:/Nu_Folder/For_Unity_Projects/UnityProject_For360Video
V:/Nu_Folder/For_Unity_Projects/UnityProject_For360Video
Using Asset Import Pipeline V2.
Refreshing native plugins compatible for Editor in 72.63 ms, found 2 plugins.
Preloading 0 native plugins for Editor in 0.00 ms.
Initialize engine version: 2020.3.17f1 (a4537701e4ab)
[Subsystems] Discovering subsystems at path C:/Program Files/Unity/Hub/Editor/2020.3.17f1/Editor/Data/Resources/UnitySubsystems
[Subsystems] Discovering subsystems at path V:/Nu_Folder/For_Unity_Projects/UnityProject_For360Video/Assets
GfxDevice: creating device client; threaded=0
Direct3D:
    Version:  Direct3D 11.0 [level 11.1]
    Renderer: Radeon RX Vega (ID=0x687f)
    Vendor:   
    VRAM:     8120 MB
    Driver:   27.20.1034.6
Initialize mono
Mono path[0] = 'C:/Program Files/Unity/Hub/Editor/2020.3.17f1/Editor/Data/Managed'
Mono path[1] = 'C:/Program Files/Unity/Hub/Editor/2020.3.17f1/Editor/Data/MonoBleedingEdge/lib/mono/unityjit'
Mono config path = 'C:/Program Files/Unity/Hub/Editor/2020.3.17f1/Editor/Data/MonoBleedingEdge/etc'
Using monoOptions --debugger-agent=transport=dt_socket,embedding=1,server=y,suspend=n,address=127.0.0.1:56340
Begin MonoManager ReloadAssembly
Registering precompiled unity dll's ...
Register platform support module: C:/Program Files/Unity/Hub/Editor/2020.3.17f1/Editor/Data/PlaybackEngines/WindowsStandaloneSupport/UnityEditor.WindowsStandalone.Extensions.dll
Registered in 0.003282 seconds.
Native extension for WindowsStandalone target not found
Refreshing native plugins compatible for Editor in 46.81 ms, found 2 plugins.
Preloading 0 native plugins for Editor in 0.00 ms.
Mono: successfully reloaded assembly
- Completed reload, in  1.915 seconds
Domain Reload Profiling:
	ReloadAssembly (1915ms)
		BeginReloadAssembly (85ms)
			ExecutionOrderSort (0ms)
			DisableScriptedObjects (0ms)
			BackupInstance (0ms)
			ReleaseScriptingObjects (0ms)
			CreateAndSetChildDomain (1ms)
		EndReloadAssembly (674ms)
			LoadAssemblies (81ms)
			RebuildTransferFunctionScriptingTraits (0ms)
			SetupTypeCache (242ms)
			ReleaseScriptCaches (0ms)
			RebuildScriptCaches (49ms)
			SetupLoadedEditorAssemblies (249ms)
				LogAssemblyErrors (0ms)
				InitializePlatformSupportModulesInManaged (6ms)
				SetLoadedEditorAssemblies (0ms)
				RefreshPlugins (47ms)
				BeforeProcessingInitializeOnLoad (24ms)
				ProcessInitializeOnLoadAttributes (127ms)
				ProcessInitializeOnLoadMethodAttributes (45ms)
				AfterProcessingInitializeOnLoad (0ms)
				EditorAssembliesLoaded (0ms)
			ExecutionOrderSort2 (0ms)
			AwakeInstancesAfterBackupRestoration (0ms)
Platform modules already initialized, skipping
Registering precompiled user dll's ...
Registered in 0.005454 seconds.
Begin MonoManager ReloadAssembly
Native extension for WindowsStandalone target not found
Refreshing native plugins compatible for Editor in 0.49 ms, found 2 plugins.
Preloading 0 native plugins for Editor in 0.00 ms.
Mono: successfully reloaded assembly
- Completed reload, in  1.885 seconds
Domain Reload Profiling:
	ReloadAssembly (1886ms)
		BeginReloadAssembly (244ms)
			ExecutionOrderSort (0ms)
			DisableScriptedObjects (8ms)
			BackupInstance (0ms)
			ReleaseScriptingObjects (0ms)
			CreateAndSetChildDomain (28ms)
		EndReloadAssembly (1532ms)
			LoadAssemblies (142ms)
			RebuildTransferFunctionScriptingTraits (0ms)
			SetupTypeCache (454ms)
			ReleaseScriptCaches (1ms)
			RebuildScriptCaches (66ms)
			SetupLoadedEditorAssemblies (719ms)
				LogAssemblyErrors (0ms)
				InitializePlatformSupportModulesInManaged (8ms)
				SetLoadedEditorAssemblies (1ms)
				RefreshPlugins (1ms)
				BeforeProcessingInitializeOnLoad (130ms)
				ProcessInitializeOnLoadAttributes (560ms)
				ProcessInitializeOnLoadMethodAttributes (7ms)
				AfterProcessingInitializeOnLoad (12ms)
				EditorAssembliesLoaded (0ms)
			ExecutionOrderSort2 (0ms)
			AwakeInstancesAfterBackupRestoration (10ms)
Platform modules already initialized, skipping
========================================================================
Worker process is ready to serve import requests
Launched and connected shader compiler UnityShaderCompiler.exe after 0.08 seconds
Refreshing native plugins compatible for Editor in 0.49 ms, found 2 plugins.
Preloading 0 native plugins for Editor in 0.00 ms.
Unloading 1397 Unused Serialized files (Serialized files now loaded: 0)
System memory in use before: 64.9 MB.
System memory in use after: 65.0 MB.

Unloading 18 unused Assets to reduce memory usage. Loaded Objects now: 1830.
Total: 4.844300 ms (FindLiveObjects: 0.216200 ms CreateObjectMapping: 0.055200 ms MarkObjects: 4.460700 ms  DeleteObjects: 0.110200 ms)

AssetImportParameters requested are different than current active one (requested -> active):
  custom:framework-win-MediaFoundation: 216162199b28c13a410421893ffa2e32 -> 
  custom:video-decoder-ogg-theora: a1e56fd34408186e4bbccfd4996cb3dc -> 
  custom:container-muxer-webm: aa71ff27fc2769a1b78a27578f13a17b -> 
  custom:container-demuxer-webm: 4f35f7cbe854078d1ac9338744f61a02 -> 
  custom:container-demuxer-ogg: 62fdf1f143b41e24485cea50d1cbac27 -> 
  custom:video-encoder-webm-vp8: eb34c28f22e8b96e1ab97ce403110664 -> 
  custom:video-decoder-webm-vp8: 9c59270c3fd7afecdb556c50c9e8de78 -> 
  custom:audio-decoder-ogg-vorbis: bf7c407c2cedff20999df2af8eb42d56 -> 
  custom:audio-encoder-webm-vorbis: bf7c407c2cedff20999df2af8eb42d56 -> 
========================================================================
Received Import Request.
  path: Assets
  artifactKey: Guid(00000000000000001000000000000000) Importer(815301076,1909f56bfc062723c751e8b465ee728b)
Start importing Assets using Guid(00000000000000001000000000000000) Importer(815301076,1909f56bfc062723c751e8b465ee728b)  -> (artifact id: '42d402b061de3733987d63b9cc3b64de') in 0.013948 seconds 
  Import took 0.017334 seconds .

========================================================================
Received Import Request.
  Time since last request: 1.884869 seconds.
  path: Assets
  artifactKey: Guid(00000000000000001000000000000000) Importer(815301076,1909f56bfc062723c751e8b465ee728b)
Start importing Assets using Guid(00000000000000001000000000000000) Importer(815301076,1909f56bfc062723c751e8b465ee728b)  -> (artifact id: '42d402b061de3733987d63b9cc3b64de') in 0.005605 seconds 
  Import took 0.009525 seconds .

========================================================================
Received Import Request.
  Time since last request: 35.868517 seconds.
  path: Assets/Render Textures
  artifactKey: Guid(34394cca1d6330c41b4266f113a3dc2a) Importer(815301076,1909f56bfc062723c751e8b465ee728b)
Start importing Assets/Render Textures using Guid(34394cca1d6330c41b4266f113a3dc2a) Importer(815301076,1909f56bfc062723c751e8b465ee728b)  -> (artifact id: 'f70bcac9a6dd19df12d306c47b09c3f9') in 0.013979 seconds 
  Import took 0.018141 seconds .

========================================================================
Received Import Request.
  Time since last request: 42.933377 seconds.
  path: Assets/Characters
  artifactKey: Guid(e2c244c149a4e8145858f5b3edb74db5) Importer(815301076,1909f56bfc062723c751e8b465ee728b)
Start importing Assets/Characters using Guid(e2c244c149a4e8145858f5b3edb74db5) Importer(815301076,1909f56bfc062723c751e8b465ee728b)  -> (artifact id: 'cbb630e94cb93c017410c0a676cc7e62') in 0.012959 seconds 
  Import took 0.016840 seconds .

========================================================================
Received Prepare
Registering precompiled user dll's ...
Registered in 0.008455 seconds.
Begin MonoManager ReloadAssembly
Native extension for WindowsStandalone target not found
Refreshing native plugins compatible for Editor in 1.11 ms, found 5 plugins.
Preloading 0 native plugins for Editor in 0.00 ms.
Mono: successfully reloaded assembly
- Completed reload, in  1.871 seconds
Domain Reload Profiling:
	ReloadAssembly (1872ms)
		BeginReloadAssembly (175ms)
			ExecutionOrderSort (0ms)
			DisableScriptedObjects (7ms)
			BackupInstance (0ms)
			ReleaseScriptingObjects (0ms)
			CreateAndSetChildDomain (52ms)
		EndReloadAssembly (1573ms)
			LoadAssemblies (151ms)
			RebuildTransferFunctionScriptingTraits (0ms)
			SetupTypeCache (484ms)
			ReleaseScriptCaches (1ms)
			RebuildScriptCaches (68ms)
			SetupLoadedEditorAssemblies (689ms)
				LogAssemblyErrors (0ms)
				InitializePlatformSupportModulesInManaged (9ms)
				SetLoadedEditorAssemblies (2ms)
				RefreshPlugins (2ms)
				BeforeProcessingInitializeOnLoad (138ms)
				ProcessInitializeOnLoadAttributes (517ms)
				ProcessInitializeOnLoadMethodAttributes (7ms)
				AfterProcessingInitializeOnLoad (13ms)
				EditorAssembliesLoaded (1ms)
			ExecutionOrderSort2 (0ms)
			AwakeInstancesAfterBackupRestoration (13ms)
Platform modules already initialized, skipping
Refreshing native plugins compatible for Editor in 0.65 ms, found 5 plugins.
Preloading 0 native plugins for Editor in 0.00 ms.
Unloading 1534 Unused Serialized files (Serialized files now loaded: 0)
System memory in use before: 69.3 MB.
System memory in use after: 69.2 MB.

Unloading 26 unused Assets to reduce memory usage. Loaded Objects now: 1962.
Total: 5.361300 ms (FindLiveObjects: 0.261000 ms CreateObjectMapping: 0.061900 ms MarkObjects: 4.835000 ms  DeleteObjects: 0.201400 ms)

AssetImportParameters requested are different than current active one (requested -> active):
  custom:framework-win-MediaFoundation: 216162199b28c13a410421893ffa2e32 -> 
  custom:video-decoder-ogg-theora: a1e56fd34408186e4bbccfd4996cb3dc -> 
  custom:container-muxer-webm: aa71ff27fc2769a1b78a27578f13a17b -> 
  custom:container-demuxer-webm: 4f35f7cbe854078d1ac9338744f61a02 -> 
  custom:container-demuxer-ogg: 62fdf1f143b41e24485cea50d1cbac27 -> 
  custom:video-encoder-webm-vp8: eb34c28f22e8b96e1ab97ce403110664 -> 
  custom:video-decoder-webm-vp8: 9c59270c3fd7afecdb556c50c9e8de78 -> 
  custom:audio-decoder-ogg-vorbis: bf7c407c2cedff20999df2af8eb42d56 -> 
  custom:audio-encoder-webm-vorbis: bf7c407c2cedff20999df2af8eb42d56 -> 
========================================================================
Received Import Request.
  Time since last request: 1108.927271 seconds.
  path: Packages/com.unity.recorder
  artifactKey: Guid(9475dd7b1f5f426edd100c5d2f2575a2) Importer(815301076,1909f56bfc062723c751e8b465ee728b)
Start importing Packages/com.unity.recorder using Guid(9475dd7b1f5f426edd100c5d2f2575a2) Importer(815301076,1909f56bfc062723c751e8b465ee728b)  -> (artifact id: 'fd692862563a12294c9ecd3596d7e98c') in 0.035992 seconds 
  Import took 0.042381 seconds .

========================================================================
Received Import Request.
  Time since last request: 0.080632 seconds.
  path: Packages/com.unity.recorder/package.json
  artifactKey: Guid(85148e7c451fe2c49a95da1805155d6b) Importer(815301076,1909f56bfc062723c751e8b465ee728b)
Start importing Packages/com.unity.recorder/package.json using Guid(85148e7c451fe2c49a95da1805155d6b) Importer(815301076,1909f56bfc062723c751e8b465ee728b)  -> (artifact id: '8d00f3b0a40f7345e1ee25aaf665655d') in 0.061001 seconds 
  Import took 0.065632 seconds .

========================================================================
Received Import Request.
  Time since last request: 0.006861 seconds.
  path: Packages/com.unity.recorder/package.json
  artifactKey: Guid(85148e7c451fe2c49a95da1805155d6b) Importer(815301076,1909f56bfc062723c751e8b465ee728b)
Start importing Packages/com.unity.recorder/package.json using Guid(85148e7c451fe2c49a95da1805155d6b) Importer(815301076,1909f56bfc062723c751e8b465ee728b)  -> (artifact id: '8d00f3b0a40f7345e1ee25aaf665655d') in 0.005817 seconds 
  Import took 0.009623 seconds .

========================================================================
Received Import Request.
  Time since last request: 2.619207 seconds.
  path: Packages/com.unity.recorder/Editor
  artifactKey: Guid(10c61a46c5f85e1438218174056c0382) Importer(815301076,1909f56bfc062723c751e8b465ee728b)
Start importing Packages/com.unity.recorder/Editor using Guid(10c61a46c5f85e1438218174056c0382) Importer(815301076,1909f56bfc062723c751e8b465ee728b)  -> (artifact id: '18b7f09797ef55bbe61041440c669c6d') in 0.013159 seconds 
  Import took 0.588831 seconds .

========================================================================
Received Import Request.
  Time since last request: 0.000331 seconds.
  path: Packages/com.unity.recorder/Editor/Unity.Recorder.Editor.asmdef
  artifactKey: Guid(847b179520b009e4c8d15c296b1cbf35) Importer(815301076,1909f56bfc062723c751e8b465ee728b)
Start importing Packages/com.unity.recorder/Editor/Unity.Recorder.Editor.asmdef using Guid(847b179520b009e4c8d15c296b1cbf35) Importer(815301076,1909f56bfc062723c751e8b465ee728b)  -> (artifact id: '22514ff7addfc76fe601d0a6805a651f') in 0.021131 seconds 
  Import took 0.025181 seconds .

========================================================================
Received Import Request.
  Time since last request: 16.195123 seconds.
  path: Packages/com.unity.recorder/Editor/Unity.Recorder.Editor.api
  artifactKey: Guid(8af856e55aba3a842bb65372ce3b86ce) Importer(815301076,1909f56bfc062723c751e8b465ee728b)
Start importing Packages/com.unity.recorder/Editor/Unity.Recorder.Editor.api using Guid(8af856e55aba3a842bb65372ce3b86ce) Importer(815301076,1909f56bfc062723c751e8b465ee728b)  -> (artifact id: '120e4b57efcd2d7ff149c30139237699') in 0.009282 seconds 
  Import took 0.013316 seconds .

========================================================================
Received Import Request.
  Time since last request: 5.499434 seconds.
  path: Packages/com.unity.recorder/Editor/Timeline
  artifactKey: Guid(885a9dcb3d2df3d4e804487e0424b277) Importer(815301076,1909f56bfc062723c751e8b465ee728b)
Start importing Packages/com.unity.recorder/Editor/Timeline using Guid(885a9dcb3d2df3d4e804487e0424b277) Importer(815301076,1909f56bfc062723c751e8b465ee728b)  -> (artifact id: '720f4c0671b12640a4c8436a92fc8a72') in 0.017497 seconds 
  Import took 0.022078 seconds .

========================================================================
Received Import Request.
  Time since last request: 0.489274 seconds.
  path: Packages/com.unity.recorder/Editor/Encoding
  artifactKey: Guid(0f67acff9e99c834bbe179b2177c0182) Importer(815301076,1909f56bfc062723c751e8b465ee728b)
Start importing Packages/com.unity.recorder/Editor/Encoding using Guid(0f67acff9e99c834bbe179b2177c0182) Importer(815301076,1909f56bfc062723c751e8b465ee728b)  -> (artifact id: 'ee7c70e863e90747c93aff69064e61f5') in 0.013501 seconds 
  Import took 0.018741 seconds .

========================================================================
Received Import Request.
  Time since last request: 0.583646 seconds.
  path: Packages/com.unity.recorder/Editor/Assets
  artifactKey: Guid(968b9307411721c4d8b07f603990d6cb) Importer(815301076,1909f56bfc062723c751e8b465ee728b)
Start importing Packages/com.unity.recorder/Editor/Assets using Guid(968b9307411721c4d8b07f603990d6cb) Importer(815301076,1909f56bfc062723c751e8b465ee728b)  -> (artifact id: '3d9029f45e4179f9b5fb3619700d2ff2') in 0.012491 seconds 
  Import took 0.041252 seconds .

========================================================================
Received Import Request.
  Time since last request: 0.274354 seconds.
  path: Packages/com.unity.recorder/Editor/Assets/animation_recorder.png
  artifactKey: Guid(81cefa2b805fd4f49ae4de35fe4e869e) Importer(815301076,1909f56bfc062723c751e8b465ee728b)
Start importing Packages/com.unity.recorder/Editor/Assets/animation_recorder.png using Guid(81cefa2b805fd4f49ae4de35fe4e869e) Importer(815301076,1909f56bfc062723c751e8b465ee728b)  -> (artifact id: '316f8e0087763cdb358e0e8a66592303') in 1.518552 seconds 
  Import took 1.523626 seconds .

========================================================================
Received Import Request.
  Time since last request: 0.000353 seconds.
  path: Packages/com.unity.recorder/Editor/Assets/movie_16.png
  artifactKey: Guid(03566585fa815644c9e795317dcab24c) Importer(815301076,1909f56bfc062723c751e8b465ee728b)
Start importing Packages/com.unity.recorder/Editor/Assets/movie_16.png using Guid(03566585fa815644c9e795317dcab24c) Importer(815301076,1909f56bfc062723c751e8b465ee728b)  -> (artifact id: '2636cdb25638ccc6779fdfba15e1f485') in 0.023459 seconds 
  Import took 0.032032 seconds .

========================================================================
Received Import Request.
  Time since last request: 0.004088 seconds.
  path: Packages/com.unity.recorder/Editor/Assets/customrecorder_16.png
  artifactKey: Guid(e37930a0cc67be24bb961bcb1f8513a1) Importer(815301076,1909f56bfc062723c751e8b465ee728b)
Start importing Packages/com.unity.recorder/Editor/Assets/customrecorder_16.png using Guid(e37930a0cc67be24bb961bcb1f8513a1) Importer(815301076,1909f56bfc062723c751e8b465ee728b)  -> (artifact id: '1e8deac24453b1ab2ca1b42bad8ef38c') in 0.041048 seconds 
  Import took 0.047667 seconds .

========================================================================
Received Import Request.
  Time since last request: 0.001172 seconds.
  path: Packages/com.unity.recorder/Editor/Assets/imagesequence_16.png
  artifactKey: Guid(5970c978d42818b43afb0f5236f0c16a) Importer(815301076,1909f56bfc062723c751e8b465ee728b)
Start importing Packages/com.unity.recorder/Editor/Assets/imagesequence_16.png using Guid(5970c978d42818b43afb0f5236f0c16a) Importer(815301076,1909f56bfc062723c751e8b465ee728b)  -> (artifact id: '2ee906c1d97faf324d0304cf8f31e511') in 0.027174 seconds 
  Import took 0.058787 seconds .

========================================================================
Received Import Request.
  Time since last request: 0.000690 seconds.
  path: Packages/com.unity.recorder/Editor/Assets/d_popout_icon.png
  artifactKey: Guid(bc923b5a585620e4db67e78dfa654ee0) Importer(815301076,1909f56bfc062723c751e8b465ee728b)
Start importing Packages/com.unity.recorder/Editor/Assets/d_popout_icon.png using Guid(bc923b5a585620e4db67e78dfa654ee0) Importer(815301076,1909f56bfc062723c751e8b465ee728b)  -> (artifact id: '52cf741f7c821badf06eb600e42aa75d') in 0.034699 seconds 
  Import took 0.039685 seconds .

========================================================================
Received Import Request.
  Time since last request: 0.000340 seconds.
  path: Packages/com.unity.recorder/Editor/Assets/recorder_icon.png
  artifactKey: Guid(88f57149cac83e34799c2d4ca8b061a0) Importer(815301076,1909f56bfc062723c751e8b465ee728b)
Start importing Packages/com.unity.recorder/Editor/Assets/recorder_icon.png using Guid(88f57149cac83e34799c2d4ca8b061a0) Importer(815301076,1909f56bfc062723c751e8b465ee728b)  -> (artifact id: '3e840d1357c21dfe5a9a04d6aad2e0b5') in 0.018098 seconds 
  Import took 0.022596 seconds .

========================================================================
Received Import Request.
  Time since last request: 0.000370 seconds.
  path: Packages/com.unity.recorder/Editor/Assets/d_imagesequence_16.png
  artifactKey: Guid(c90fbca1bb37c1d47868781f9a7557dd) Importer(815301076,1909f56bfc062723c751e8b465ee728b)
Start importing Packages/com.unity.recorder/Editor/Assets/d_imagesequence_16.png using Guid(c90fbca1bb37c1d47868781f9a7557dd) Importer(815301076,1909f56bfc062723c751e8b465ee728b)  -> (artifact id: 'df9e04de13311ebde2149de4d0847dc9') in 0.020282 seconds 
  Import took 0.025543 seconds .

========================================================================
Received Import Request.
  Time since last request: 0.000361 seconds.
  path: Packages/com.unity.recorder/Editor/Assets/d_customrecorder_16.png
  artifactKey: Guid(52b9c3732a14dd14d9427ced3524773f) Importer(815301076,1909f56bfc062723c751e8b465ee728b)
Start importing Packages/com.unity.recorder/Editor/Assets/d_customrecorder_16.png using Guid(52b9c3732a14dd14d9427ced3524773f) Importer(815301076,1909f56bfc062723c751e8b465ee728b)  -> (artifact id: '789e81360a25356f8532b6abd4ea4d67') in 0.018488 seconds 
  Import took 0.022861 seconds .

========================================================================
Received Import Request.
  Time since last request: 0.000353 seconds.
  path: Packages/com.unity.recorder/Editor/Assets/popout_icon.png
  artifactKey: Guid(4fdf6e0f64f22254ba6554fef1ef3412) Importer(815301076,1909f56bfc062723c751e8b465ee728b)
Start importing Packages/com.unity.recorder/Editor/Assets/popout_icon.png using Guid(4fdf6e0f64f22254ba6554fef1ef3412) Importer(815301076,1909f56bfc062723c751e8b465ee728b)  -> (artifact id: 'b9ab82b46715bedfa57478629ea975b1') in 0.021731 seconds 
  Import took 0.025989 seconds .

========================================================================
Received Import Request.
  Time since last request: 0.000568 seconds.
  path: Packages/com.unity.recorder/Editor/Assets/d_animation_recorder.png
  artifactKey: Guid(56a69bd00566e3848856feb3febf2d6c) Importer(815301076,1909f56bfc062723c751e8b465ee728b)
Start importing Packages/com.unity.recorder/Editor/Assets/d_animation_recorder.png using Guid(56a69bd00566e3848856feb3febf2d6c) Importer(815301076,1909f56bfc062723c751e8b465ee728b)  -> (artifact id: 'abd86702cc403df854cfa6c25c1e7dd8') in 0.018090 seconds 
  Import took 0.022665 seconds .

========================================================================
Received Import Request.
  Time since last request: 0.000329 seconds.
  path: Packages/com.unity.recorder/Editor/Assets/vertical_gradient.png
  artifactKey: Guid(df4f1ccab0b6e3a46b9036ac82d96ba9) Importer(815301076,1909f56bfc062723c751e8b465ee728b)
Start importing Packages/com.unity.recorder/Editor/Assets/vertical_gradient.png using Guid(df4f1ccab0b6e3a46b9036ac82d96ba9) Importer(815301076,1909f56bfc062723c751e8b465ee728b)  -> (artifact id: 'e72a382ad0245712a920e484716283d5') in 0.017417 seconds 
  Import took 0.021622 seconds .

========================================================================
Received Import Request.
  Time since last request: 0.000434 seconds.
  path: Packages/com.unity.recorder/Editor/Assets/d_movie_16.png
  artifactKey: Guid(44305ecb1c1dd4b49b87b982320a3abc) Importer(815301076,1909f56bfc062723c751e8b465ee728b)
Start importing Packages/com.unity.recorder/Editor/Assets/d_movie_16.png using Guid(44305ecb1c1dd4b49b87b982320a3abc) Importer(815301076,1909f56bfc062723c751e8b465ee728b)  -> (artifact id: '2873621412542eee0234db6c517105b1') in 0.019507 seconds 
  Import took 0.024077 seconds .

========================================================================
Received Import Request.
  Time since last request: 34.159563 seconds.
  path: Packages/com.unity.ext.nunit/package.json
  artifactKey: Guid(8143d3a8390f2c64685e3bc272bd9e90) Importer(815301076,1909f56bfc062723c751e8b465ee728b)
Start importing Packages/com.unity.ext.nunit/package.json using Guid(8143d3a8390f2c64685e3bc272bd9e90) Importer(815301076,1909f56bfc062723c751e8b465ee728b)  -> (artifact id: '36f449bd9ed4a92e06d659da724da745') in 0.011276 seconds 
  Import took 0.015663 seconds .

========================================================================
Received Import Request.
  Time since last request: 9.924954 seconds.
  path: Packages/com.unity.ext.nunit
  artifactKey: Guid(25a477c2f24db8778a4179421a32cc21) Importer(815301076,1909f56bfc062723c751e8b465ee728b)
Start importing Packages/com.unity.ext.nunit using Guid(25a477c2f24db8778a4179421a32cc21) Importer(815301076,1909f56bfc062723c751e8b465ee728b)  -> (artifact id: 'de8b3f671dc9f0a57b867a67d4aae8de') in 0.011649 seconds 
  Import took 0.015352 seconds .

========================================================================
Received Import Request.
  Time since last request: 35.937097 seconds.
  path: Assets/Scenes/SampleScene.unity
  artifactKey: Guid(9fc0d4010bbf28b4594072e72b8655ab) Importer(815301076,1909f56bfc062723c751e8b465ee728b)
Start importing Assets/Scenes/SampleScene.unity using Guid(9fc0d4010bbf28b4594072e72b8655ab) Importer(815301076,1909f56bfc062723c751e8b465ee728b)  -> (artifact id: '85059f4f9e1a832ed95adaa0d25c5c4c') in 0.013141 seconds 
  Import took 0.017254 seconds .

========================================================================
Received Import Request.
  Time since last request: 7.271664 seconds.
  path: Packages/com.unity.ide.rider/package.json
  artifactKey: Guid(66c95bb3c74257f41bae2622511dc02d) Importer(815301076,1909f56bfc062723c751e8b465ee728b)
Start importing Packages/com.unity.ide.rider/package.json using Guid(66c95bb3c74257f41bae2622511dc02d) Importer(815301076,1909f56bfc062723c751e8b465ee728b)  -> (artifact id: 'ff96f7b61e94a0dc9b975679be81ead9') in 0.072645 seconds 
  Import took 0.076798 seconds .

========================================================================
Received Import Request.
  Time since last request: 0.368852 seconds.
  path: Packages/com.unity.nuget.newtonsoft-json/package.json
  artifactKey: Guid(f8d4e5c2f2df25449ae8c391afbe5114) Importer(815301076,1909f56bfc062723c751e8b465ee728b)
Start importing Packages/com.unity.nuget.newtonsoft-json/package.json using Guid(f8d4e5c2f2df25449ae8c391afbe5114) Importer(815301076,1909f56bfc062723c751e8b465ee728b)  -> (artifact id: '3887d1616531507fa9c4f23ac1ba7ce0') in 0.021825 seconds 
  Import took 0.025919 seconds .

========================================================================
Received Import Request.
  Time since last request: 0.443697 seconds.
  path: Packages/com.unity.test-framework/package.json
  artifactKey: Guid(d6a2e6e4803de7b43baacdc355fc144d) Importer(815301076,1909f56bfc062723c751e8b465ee728b)
Start importing Packages/com.unity.test-framework/package.json using Guid(d6a2e6e4803de7b43baacdc355fc144d) Importer(815301076,1909f56bfc062723c751e8b465ee728b)  -> (artifact id: '100179ef5992d6ac0239f9a02bae69ee') in 0.011735 seconds 
  Import took 0.016457 seconds .

========================================================================
Received Import Request.
  Time since last request: 0.413390 seconds.
  path: Packages/com.unity.textmeshpro/package.json
  artifactKey: Guid(220e9325710f4235a43492dd1ee4980d) Importer(815301076,1909f56bfc062723c751e8b465ee728b)
Start importing Packages/com.unity.textmeshpro/package.json using Guid(220e9325710f4235a43492dd1ee4980d) Importer(815301076,1909f56bfc062723c751e8b465ee728b)  -> (artifact id: '2c6d4de5db3a39bcb3575c98dc9df750') in 0.027265 seconds 
  Import took 0.031639 seconds .

========================================================================
Received Import Request.
  Time since last request: 0.468713 seconds.
  path: Packages/com.unity.timeline/package.json
  artifactKey: Guid(13a9c1b4df2e489e8eb9cacca7429596) Importer(815301076,1909f56bfc062723c751e8b465ee728b)
Start importing Packages/com.unity.timeline/package.json using Guid(13a9c1b4df2e489e8eb9cacca7429596) Importer(815301076,1909f56bfc062723c751e8b465ee728b)  -> (artifact id: '82c6c08db8f434b9305b26de0687e812') in 0.055714 seconds 
  Import took 0.060708 seconds .

========================================================================
Received Import Request.
  Time since last request: 1355.431783 seconds.
  path: Assets/Render Textures/Cube.renderTexture
  artifactKey: Guid(d16523b3a94bf7645893c1d6de9dd695) Importer(815301076,1909f56bfc062723c751e8b465ee728b)
Start importing Assets/Render Textures/Cube.renderTexture using Guid(d16523b3a94bf7645893c1d6de9dd695) Importer(815301076,1909f56bfc062723c751e8b465ee728b)  -> (artifact id: '7d38055bb1ea83968771d8c6b9385410') in 0.038373 seconds 
  Import took 0.043036 seconds .

========================================================================
Received Import Request.
  Time since last request: 62.878908 seconds.
  path: Assets/Render Textures/New Render Texture.renderTexture
  artifactKey: Guid(5a6245eb1caeae142ba234a5730adc19) Importer(815301076,1909f56bfc062723c751e8b465ee728b)
Start importing Assets/Render Textures/New Render Texture.renderTexture using Guid(5a6245eb1caeae142ba234a5730adc19) Importer(815301076,1909f56bfc062723c751e8b465ee728b)  -> (artifact id: '563dbfb3eae92260a1b42c89aeb838ee') in 0.032342 seconds 
  Import took 0.040238 seconds .

========================================================================
Received Import Request.
  Time since last request: 15.829003 seconds.
  path: Assets/Render Textures/Cube2.renderTexture
  artifactKey: Guid(5a6245eb1caeae142ba234a5730adc19) Importer(815301076,1909f56bfc062723c751e8b465ee728b)
Start importing Assets/Render Textures/Cube2.renderTexture using Guid(5a6245eb1caeae142ba234a5730adc19) Importer(815301076,1909f56bfc062723c751e8b465ee728b)  -> (artifact id: '4cbda9c960cd37c40e7bbcfe95bd2fe7') in 0.190543 seconds 
  Import took 0.195085 seconds .

========================================================================
Received Import Request.
  Time since last request: 942.883321 seconds.
  path: Assets/Characters/Cube.prefab
  artifactKey: Guid(016b594a786b54640bc9668067cb0c26) Importer(815301076,1909f56bfc062723c751e8b465ee728b)
Start importing Assets/Characters/Cube.prefab using Guid(016b594a786b54640bc9668067cb0c26) Importer(815301076,1909f56bfc062723c751e8b465ee728b)  -> (artifact id: '65df9aff1ec50c45bd0aa34381cca049') in 0.083960 seconds 
  Import took 0.088956 seconds .

========================================================================
Received Import Request.
  Time since last request: 52.531639 seconds.
  path: Assets/Characters/Cube.prefab
  artifactKey: Guid(016b594a786b54640bc9668067cb0c26) Importer(815301076,1909f56bfc062723c751e8b465ee728b)
Start importing Assets/Characters/Cube.prefab using Guid(016b594a786b54640bc9668067cb0c26) Importer(815301076,1909f56bfc062723c751e8b465ee728b)  -> (artifact id: '78fd3d47c0cac5c98f012723e89a6bf4') in 0.007023 seconds 
  Import took 0.011670 seconds .

========================================================================
Received Import Request.
  Time since last request: 0.001404 seconds.
  path: Assets/Characters/Cube.prefab
  artifactKey: Guid(016b594a786b54640bc9668067cb0c26) Importer(815301076,1909f56bfc062723c751e8b465ee728b)
Start importing Assets/Characters/Cube.prefab using Guid(016b594a786b54640bc9668067cb0c26) Importer(815301076,1909f56bfc062723c751e8b465ee728b)  -> (artifact id: '78fd3d47c0cac5c98f012723e89a6bf4') in 0.008111 seconds 
  Import took 0.013574 seconds .

========================================================================
Received Prepare
Registering precompiled user dll's ...
Registered in 0.007865 seconds.
Begin MonoManager ReloadAssembly
Native extension for WindowsStandalone target not found
Refreshing native plugins compatible for Editor in 0.93 ms, found 5 plugins.
Preloading 0 native plugins for Editor in 0.00 ms.
Mono: successfully reloaded assembly
- Completed reload, in  1.996 seconds
Domain Reload Profiling:
	ReloadAssembly (1997ms)
		BeginReloadAssembly (214ms)
			ExecutionOrderSort (0ms)
			DisableScriptedObjects (9ms)
			BackupInstance (0ms)
			ReleaseScriptingObjects (0ms)
			CreateAndSetChildDomain (77ms)
		EndReloadAssembly (1640ms)
			LoadAssemblies (211ms)
			RebuildTransferFunctionScriptingTraits (0ms)
			SetupTypeCache (517ms)
			ReleaseScriptCaches (2ms)
			RebuildScriptCaches (95ms)
			SetupLoadedEditorAssemblies (634ms)
				LogAssemblyErrors (0ms)
				InitializePlatformSupportModulesInManaged (9ms)
				SetLoadedEditorAssemblies (1ms)
				RefreshPlugins (1ms)
				BeforeProcessingInitializeOnLoad (120ms)
				ProcessInitializeOnLoadAttributes (483ms)
				ProcessInitializeOnLoadMethodAttributes (7ms)
				AfterProcessingInitializeOnLoad (12ms)
				EditorAssembliesLoaded (1ms)
			ExecutionOrderSort2 (0ms)
			AwakeInstancesAfterBackupRestoration (13ms)
Platform modules already initialized, skipping
Refreshing native plugins compatible for Editor in 0.62 ms, found 5 plugins.
Preloading 0 native plugins for Editor in 0.00 ms.
Unloading 1535 Unused Serialized files (Serialized files now loaded: 0)
System memory in use before: 72.6 MB.
System memory in use after: 72.4 MB.

Unloading 26 unused Assets to reduce memory usage. Loaded Objects now: 1982.
Total: 4.506400 ms (FindLiveObjects: 0.219400 ms CreateObjectMapping: 0.063400 ms MarkObjects: 4.050800 ms  DeleteObjects: 0.171200 ms)

AssetImportParameters requested are different than current active one (requested -> active):
  custom:framework-win-MediaFoundation: 216162199b28c13a410421893ffa2e32 -> 
  custom:video-decoder-ogg-theora: a1e56fd34408186e4bbccfd4996cb3dc -> 
  custom:container-muxer-webm: aa71ff27fc2769a1b78a27578f13a17b -> 
  custom:container-demuxer-webm: 4f35f7cbe854078d1ac9338744f61a02 -> 
  custom:container-demuxer-ogg: 62fdf1f143b41e24485cea50d1cbac27 -> 
  custom:video-encoder-webm-vp8: eb34c28f22e8b96e1ab97ce403110664 -> 
  custom:video-decoder-webm-vp8: 9c59270c3fd7afecdb556c50c9e8de78 -> 
  custom:audio-decoder-ogg-vorbis: bf7c407c2cedff20999df2af8eb42d56 -> 
  custom:audio-encoder-webm-vorbis: bf7c407c2cedff20999df2af8eb42d56 -> 
========================================================================
Received Import Request.
  Time since last request: 729.127386 seconds.
  path: Assets/Render Textures/Materials
  artifactKey: Guid(1517124a9fe1cc6408db1fb76412856d) Importer(815301076,1909f56bfc062723c751e8b465ee728b)
Start importing Assets/Render Textures/Materials using Guid(1517124a9fe1cc6408db1fb76412856d) Importer(815301076,1909f56bfc062723c751e8b465ee728b)  -> (artifact id: '1ea4b496e0ca953258863b7f70eaf7e2') in 0.012804 seconds 
  Import took 0.017297 seconds .

========================================================================
Received Import Request.
  Time since last request: 147.239833 seconds.
  path: Assets/Rotate.cs
  artifactKey: Guid(3e1d3319a3fd82e4ca2f02b2e590a1e0) Importer(815301076,1909f56bfc062723c751e8b465ee728b)
Start importing Assets/Rotate.cs using Guid(3e1d3319a3fd82e4ca2f02b2e590a1e0) Importer(815301076,1909f56bfc062723c751e8b465ee728b)  -> (artifact id: 'e2e5487d0ce4977bfe30a0e52529c415') in 0.023098 seconds 
  Import took 0.027192 seconds .

========================================================================
Received Import Request.
  Time since last request: 166.773288 seconds.
  path: Assets/Change_Material_Color.cs
  artifactKey: Guid(aabb6791e05938647a57468c5500d8ed) Importer(815301076,1909f56bfc062723c751e8b465ee728b)
Start importing Assets/Change_Material_Color.cs using Guid(aabb6791e05938647a57468c5500d8ed) Importer(815301076,1909f56bfc062723c751e8b465ee728b)  -> (artifact id: '4ba3a85c57f5f5926a822710d0f44186') in 0.022098 seconds 
  Import took 0.026591 seconds .

========================================================================
Received Prepare
Registering precompiled user dll's ...
Registered in 0.009163 seconds.
Begin MonoManager ReloadAssembly
Native extension for WindowsStandalone target not found
Refreshing native plugins compatible for Editor in 0.62 ms, found 5 plugins.
Preloading 0 native plugins for Editor in 0.00 ms.
Mono: successfully reloaded assembly
- Completed reload, in  1.792 seconds
Domain Reload Profiling:
	ReloadAssembly (1793ms)
		BeginReloadAssembly (166ms)
			ExecutionOrderSort (0ms)
			DisableScriptedObjects (6ms)
			BackupInstance (0ms)
			ReleaseScriptingObjects (0ms)
			CreateAndSetChildDomain (45ms)
		EndReloadAssembly (1504ms)
			LoadAssemblies (146ms)
			RebuildTransferFunctionScriptingTraits (0ms)
			SetupTypeCache (441ms)
			ReleaseScriptCaches (1ms)
			RebuildScriptCaches (66ms)
			SetupLoadedEditorAssemblies (685ms)
				LogAssemblyErrors (0ms)
				InitializePlatformSupportModulesInManaged (7ms)
				SetLoadedEditorAssemblies (1ms)
				RefreshPlugins (1ms)
				BeforeProcessingInitializeOnLoad (114ms)
				ProcessInitializeOnLoadAttributes (540ms)
				ProcessInitializeOnLoadMethodAttributes (9ms)
				AfterProcessingInitializeOnLoad (14ms)
				EditorAssembliesLoaded (1ms)
			ExecutionOrderSort2 (0ms)
			AwakeInstancesAfterBackupRestoration (11ms)
Platform modules already initialized, skipping
Refreshing native plugins compatible for Editor in 0.61 ms, found 5 plugins.
Preloading 0 native plugins for Editor in 0.00 ms.
Unloading 1536 Unused Serialized files (Serialized files now loaded: 0)
System memory in use before: 72.6 MB.
System memory in use after: 72.5 MB.

Unloading 26 unused Assets to reduce memory usage. Loaded Objects now: 1985.
Total: 5.185400 ms (FindLiveObjects: 0.386600 ms CreateObjectMapping: 0.064700 ms MarkObjects: 4.524400 ms  DeleteObjects: 0.207900 ms)

AssetImportParameters requested are different than current active one (requested -> active):
  custom:framework-win-MediaFoundation: 216162199b28c13a410421893ffa2e32 -> 
  custom:video-decoder-ogg-theora: a1e56fd34408186e4bbccfd4996cb3dc -> 
  custom:container-muxer-webm: aa71ff27fc2769a1b78a27578f13a17b -> 
  custom:container-demuxer-webm: 4f35f7cbe854078d1ac9338744f61a02 -> 
  custom:container-demuxer-ogg: 62fdf1f143b41e24485cea50d1cbac27 -> 
  custom:video-encoder-webm-vp8: eb34c28f22e8b96e1ab97ce403110664 -> 
  custom:video-decoder-webm-vp8: 9c59270c3fd7afecdb556c50c9e8de78 -> 
  custom:audio-decoder-ogg-vorbis: bf7c407c2cedff20999df2af8eb42d56 -> 
  custom:audio-encoder-webm-vorbis: bf7c407c2cedff20999df2af8eb42d56 -> 
========================================================================
Received Prepare
Registering precompiled user dll's ...
Registered in 0.006208 seconds.
Begin MonoManager ReloadAssembly
Native extension for WindowsStandalone target not found
Refreshing native plugins compatible for Editor in 0.62 ms, found 5 plugins.
Preloading 0 native plugins for Editor in 0.00 ms.
Mono: successfully reloaded assembly
- Completed reload, in  1.704 seconds
Domain Reload Profiling:
	ReloadAssembly (1705ms)
		BeginReloadAssembly (172ms)
			ExecutionOrderSort (0ms)
			DisableScriptedObjects (7ms)
			BackupInstance (0ms)
			ReleaseScriptingObjects (0ms)
			CreateAndSetChildDomain (47ms)
		EndReloadAssembly (1416ms)
			LoadAssemblies (151ms)
			RebuildTransferFunctionScriptingTraits (0ms)
			SetupTypeCache (467ms)
			ReleaseScriptCaches (1ms)
			RebuildScriptCaches (62ms)
			SetupLoadedEditorAssemblies (595ms)
				LogAssemblyErrors (0ms)
				InitializePlatformSupportModulesInManaged (7ms)
				SetLoadedEditorAssemblies (1ms)
				RefreshPlugins (1ms)
				BeforeProcessingInitializeOnLoad (116ms)
				ProcessInitializeOnLoadAttributes (450ms)
				ProcessInitializeOnLoadMethodAttributes (6ms)
				AfterProcessingInitializeOnLoad (13ms)
				EditorAssembliesLoaded (1ms)
			ExecutionOrderSort2 (0ms)
			AwakeInstancesAfterBackupRestoration (10ms)
Platform modules already initialized, skipping
Refreshing native plugins compatible for Editor in 0.63 ms, found 5 plugins.
Preloading 0 native plugins for Editor in 0.00 ms.
Unloading 1535 Unused Serialized files (Serialized files now loaded: 0)
System memory in use before: 72.6 MB.
System memory in use after: 72.5 MB.

Unloading 27 unused Assets to reduce memory usage. Loaded Objects now: 1986.
Total: 4.653600 ms (FindLiveObjects: 0.245900 ms CreateObjectMapping: 0.066100 ms MarkObjects: 4.089800 ms  DeleteObjects: 0.250100 ms)

AssetImportParameters requested are different than current active one (requested -> active):
  custom:framework-win-MediaFoundation: 216162199b28c13a410421893ffa2e32 -> 
  custom:video-decoder-ogg-theora: a1e56fd34408186e4bbccfd4996cb3dc -> 
  custom:container-muxer-webm: aa71ff27fc2769a1b78a27578f13a17b -> 
  custom:container-demuxer-webm: 4f35f7cbe854078d1ac9338744f61a02 -> 
  custom:container-demuxer-ogg: 62fdf1f143b41e24485cea50d1cbac27 -> 
  custom:video-encoder-webm-vp8: eb34c28f22e8b96e1ab97ce403110664 -> 
  custom:video-decoder-webm-vp8: 9c59270c3fd7afecdb556c50c9e8de78 -> 
  custom:audio-decoder-ogg-vorbis: bf7c407c2cedff20999df2af8eb42d56 -> 
  custom:audio-encoder-webm-vorbis: bf7c407c2cedff20999df2af8eb42d56 -> 
========================================================================
Received Prepare
Registering precompiled user dll's ...
Registered in 0.008873 seconds.
Begin MonoManager ReloadAssembly
Native extension for WindowsStandalone target not found
Refreshing native plugins compatible for Editor in 0.67 ms, found 5 plugins.
Preloading 0 native plugins for Editor in 0.00 ms.
Mono: successfully reloaded assembly
- Completed reload, in  1.770 seconds
Domain Reload Profiling:
	ReloadAssembly (1770ms)
		BeginReloadAssembly (164ms)
			ExecutionOrderSort (0ms)
			DisableScriptedObjects (7ms)
			BackupInstance (0ms)
			ReleaseScriptingObjects (0ms)
			CreateAndSetChildDomain (45ms)
		EndReloadAssembly (1471ms)
			LoadAssemblies (151ms)
			RebuildTransferFunctionScriptingTraits (0ms)
			SetupTypeCache (474ms)
			ReleaseScriptCaches (1ms)
			RebuildScriptCaches (62ms)
			SetupLoadedEditorAssemblies (617ms)
				LogAssemblyErrors (0ms)
				InitializePlatformSupportModulesInManaged (7ms)
				SetLoadedEditorAssemblies (1ms)
				RefreshPlugins (1ms)
				BeforeProcessingInitializeOnLoad (115ms)
				ProcessInitializeOnLoadAttributes (472ms)
				ProcessInitializeOnLoadMethodAttributes (7ms)
				AfterProcessingInitializeOnLoad (14ms)
				EditorAssembliesLoaded (0ms)
			ExecutionOrderSort2 (0ms)
			AwakeInstancesAfterBackupRestoration (14ms)
Platform modules already initialized, skipping
Refreshing native plugins compatible for Editor in 0.97 ms, found 5 plugins.
Preloading 0 native plugins for Editor in 0.00 ms.
Unloading 1535 Unused Serialized files (Serialized files now loaded: 0)
System memory in use before: 72.6 MB.
System memory in use after: 72.5 MB.

Unloading 26 unused Assets to reduce memory usage. Loaded Objects now: 1988.
Total: 9.550600 ms (FindLiveObjects: 0.585000 ms CreateObjectMapping: 0.089800 ms MarkObjects: 8.554700 ms  DeleteObjects: 0.318500 ms)

AssetImportParameters requested are different than current active one (requested -> active):
  custom:framework-win-MediaFoundation: 216162199b28c13a410421893ffa2e32 -> 
  custom:video-decoder-ogg-theora: a1e56fd34408186e4bbccfd4996cb3dc -> 
  custom:container-muxer-webm: aa71ff27fc2769a1b78a27578f13a17b -> 
  custom:container-demuxer-webm: 4f35f7cbe854078d1ac9338744f61a02 -> 
  custom:container-demuxer-ogg: 62fdf1f143b41e24485cea50d1cbac27 -> 
  custom:video-encoder-webm-vp8: eb34c28f22e8b96e1ab97ce403110664 -> 
  custom:video-decoder-webm-vp8: 9c59270c3fd7afecdb556c50c9e8de78 -> 
  custom:audio-decoder-ogg-vorbis: bf7c407c2cedff20999df2af8eb42d56 -> 
  custom:audio-encoder-webm-vorbis: bf7c407c2cedff20999df2af8eb42d56 -> 
========================================================================
Received Import Request.
  Time since last request: 587.436444 seconds.
  path: Assets/Metalic.mat
  artifactKey: Guid(ad5270622075b6640bb46598ad9a8fa8) Importer(815301076,1909f56bfc062723c751e8b465ee728b)
Start importing Assets/Metalic.mat using Guid(ad5270622075b6640bb46598ad9a8fa8) Importer(815301076,1909f56bfc062723c751e8b465ee728b)  -> (artifact id: 'd8e94cebe0b977dadf48f0a50f3a5de2') in 0.124975 seconds 
  Import took 0.148904 seconds .

========================================================================
Received Import Request.
  Time since last request: 201.242316 seconds.
  path: Assets/New Material.mat
  artifactKey: Guid(607fec94dc97fa0418a8f74050938baa) Importer(815301076,1909f56bfc062723c751e8b465ee728b)
Start importing Assets/New Material.mat using Guid(607fec94dc97fa0418a8f74050938baa) Importer(815301076,1909f56bfc062723c751e8b465ee728b)  -> (artifact id: '9fbf3ef3c2aee9791e8ab97e4f52f687') in 0.039316 seconds 
  Import took 0.044652 seconds .

========================================================================
Received Import Request.
  Time since last request: 66.175487 seconds.
  path: Assets/Procedural_(skybox).mat
  artifactKey: Guid(607fec94dc97fa0418a8f74050938baa) Importer(815301076,1909f56bfc062723c751e8b465ee728b)
Start importing Assets/Procedural_(skybox).mat using Guid(607fec94dc97fa0418a8f74050938baa) Importer(815301076,1909f56bfc062723c751e8b465ee728b)  -> (artifact id: 'b1cf5144848e0e5707363e0a5cba9df3') in 0.028347 seconds 
  Import took 0.032913 seconds .

========================================================================
Received Import Request.
  Time since last request: 77.529821 seconds.
  path: Assets/New Lighting Settings.lighting
  artifactKey: Guid(9814f3f6633dedf40b7a2feb1d2759f3) Importer(815301076,1909f56bfc062723c751e8b465ee728b)
Start importing Assets/New Lighting Settings.lighting using Guid(9814f3f6633dedf40b7a2feb1d2759f3) Importer(815301076,1909f56bfc062723c751e8b465ee728b)  -> (artifact id: '7ffb1405a178763123c3eed849d66884') in 0.015022 seconds 
  Import took 0.019028 seconds .

========================================================================
Received Import Request.
  Time since last request: 14.192244 seconds.
  path: Assets/New Material.mat
  artifactKey: Guid(607fec94dc97fa0418a8f74050938baa) Importer(815301076,1909f56bfc062723c751e8b465ee728b)
Start importing Assets/New Material.mat using Guid(607fec94dc97fa0418a8f74050938baa) Importer(815301076,1909f56bfc062723c751e8b465ee728b)  -> (artifact id: 'f5c3f718bb8540ce964b086bdf970fc8') in 0.030434 seconds 
  Import took 0.036614 seconds .

========================================================================
Received Prepare
Registering precompiled user dll's ...
Registered in 0.833632 seconds.
Begin MonoManager ReloadAssembly
Native extension for WindowsStandalone target not found
Refreshing native plugins compatible for Editor in 0.69 ms, found 5 plugins.
Preloading 0 native plugins for Editor in 0.00 ms.
[ScriptCompilation] NOT recompiling all scripts because this is an import worker process. Reason to compile was: Define symbols changed
Mono: successfully reloaded assembly
- Completed reload, in  2.339 seconds
Domain Reload Profiling:
	ReloadAssembly (2346ms)
		BeginReloadAssembly (270ms)
			ExecutionOrderSort (0ms)
			DisableScriptedObjects (22ms)
			BackupInstance (0ms)
			ReleaseScriptingObjects (0ms)
			CreateAndSetChildDomain (109ms)
		EndReloadAssembly (1958ms)
			LoadAssemblies (244ms)
			RebuildTransferFunctionScriptingTraits (0ms)
			SetupTypeCache (495ms)
			ReleaseScriptCaches (2ms)
			RebuildScriptCaches (214ms)
			SetupLoadedEditorAssemblies (845ms)
				LogAssemblyErrors (0ms)
				InitializePlatformSupportModulesInManaged (9ms)
				SetLoadedEditorAssemblies (1ms)
				RefreshPlugins (1ms)
				BeforeProcessingInitializeOnLoad (117ms)
				ProcessInitializeOnLoadAttributes (700ms)
				ProcessInitializeOnLoadMethodAttributes (6ms)
				AfterProcessingInitializeOnLoad (11ms)
				EditorAssembliesLoaded (0ms)
			ExecutionOrderSort2 (0ms)
			AwakeInstancesAfterBackupRestoration (10ms)
Platform modules already initialized, skipping
Refreshing native plugins compatible for Editor in 1.09 ms, found 5 plugins.
Preloading 0 native plugins for Editor in 0.00 ms.
Unloading 1655 Unused Serialized files (Serialized files now loaded: 0)
System memory in use before: 81.4 MB.
System memory in use after: 79.3 MB.

Unloading 53 unused Assets to reduce memory usage. Loaded Objects now: 2117.
Total: 66.637600 ms (FindLiveObjects: 0.284300 ms CreateObjectMapping: 0.072800 ms MarkObjects: 65.101600 ms  DeleteObjects: 1.175900 ms)

AssetImportParameters requested are different than current active one (requested -> active):
  custom:framework-win-MediaFoundation: 216162199b28c13a410421893ffa2e32 -> 
  custom:video-decoder-ogg-theora: a1e56fd34408186e4bbccfd4996cb3dc -> 
  custom:container-muxer-webm: aa71ff27fc2769a1b78a27578f13a17b -> 
  custom:container-demuxer-webm: 4f35f7cbe854078d1ac9338744f61a02 -> 
  custom:container-demuxer-ogg: 62fdf1f143b41e24485cea50d1cbac27 -> 
  custom:video-encoder-webm-vp8: eb34c28f22e8b96e1ab97ce403110664 -> 
  custom:video-decoder-webm-vp8: 9c59270c3fd7afecdb556c50c9e8de78 -> 
  custom:audio-decoder-ogg-vorbis: bf7c407c2cedff20999df2af8eb42d56 -> 
  custom:audio-encoder-webm-vorbis: bf7c407c2cedff20999df2af8eb42d56 -> 
========================================================================
Received Import Request.
  Time since last request: 8943.238566 seconds.
  path: Assets/Metalic.mat
  artifactKey: Guid(ad5270622075b6640bb46598ad9a8fa8) Importer(815301076,1909f56bfc062723c751e8b465ee728b)
Start importing Assets/Metalic.mat using Guid(ad5270622075b6640bb46598ad9a8fa8) Importer(815301076,1909f56bfc062723c751e8b465ee728b)  -> (artifact id: '7639dfdc0a4dab83f52cdd6da5f76dc5') in 0.135779 seconds 
  Import took 0.140778 seconds .

========================================================================
Received Import Request.
  Time since last request: 0.000365 seconds.
  path: Assets/PP Profile.asset
  artifactKey: Guid(fd730451648118b458bdbc96e59ccf74) Importer(815301076,1909f56bfc062723c751e8b465ee728b)
Start importing Assets/PP Profile.asset using Guid(fd730451648118b458bdbc96e59ccf74) Importer(815301076,1909f56bfc062723c751e8b465ee728b)  -> (artifact id: 'bbb83d082622bc9293db98313e3d32a5') in 0.017414 seconds 
  Import took 0.021562 seconds .

========================================================================
Received Import Request.
  Time since last request: 0.000300 seconds.
  path: Assets/Procedural_(skybox).mat
  artifactKey: Guid(607fec94dc97fa0418a8f74050938baa) Importer(815301076,1909f56bfc062723c751e8b465ee728b)
Start importing Assets/Procedural_(skybox).mat using Guid(607fec94dc97fa0418a8f74050938baa) Importer(815301076,1909f56bfc062723c751e8b465ee728b)  -> (artifact id: '9f79ec80c22e98e518cb604f41c080a0') in 0.058115 seconds 
  Import took 0.061721 seconds .

========================================================================
Received Import Request.
  Time since last request: 45.903361 seconds.
  path: ProjectSettings/TagManager.asset
  artifactKey: Guid(00000000000000003000000000000000) Importer(815301076,1909f56bfc062723c751e8b465ee728b)
Start importing ProjectSettings/TagManager.asset using Guid(00000000000000003000000000000000) Importer(815301076,1909f56bfc062723c751e8b465ee728b)  -> (artifact id: 'ce6a35c3cddc746e7501c0bd0ed6d4ce') in 0.014915 seconds 
  Import took 0.019858 seconds .

========================================================================
Received Import Request.
  Time since last request: 0.002088 seconds.
  path: ProjectSettings/TagManager.asset
  artifactKey: Guid(00000000000000003000000000000000) Importer(815301076,1909f56bfc062723c751e8b465ee728b)
Start importing ProjectSettings/TagManager.asset using Guid(00000000000000003000000000000000) Importer(815301076,1909f56bfc062723c751e8b465ee728b)  -> (artifact id: 'ce6a35c3cddc746e7501c0bd0ed6d4ce') in 0.005985 seconds 
  Import took 0.011435 seconds .

========================================================================
Received Import Request.
  Time since last request: 178.257381 seconds.
  path: Assets/PP Profile.asset
  artifactKey: Guid(fd730451648118b458bdbc96e59ccf74) Importer(815301076,1909f56bfc062723c751e8b465ee728b)
Start importing Assets/PP Profile.asset using Guid(fd730451648118b458bdbc96e59ccf74) Importer(815301076,1909f56bfc062723c751e8b465ee728b)  -> (artifact id: '491dcea5516b7ed5ca2d72863bf18a4f') in 0.022039 seconds 
  Import took 0.027277 seconds .

========================================================================
Received Prepare
Registering precompiled user dll's ...
Registered in 0.007235 seconds.
Begin MonoManager ReloadAssembly
Native extension for WindowsStandalone target not found
Refreshing native plugins compatible for Editor in 1.14 ms, found 5 plugins.
Preloading 0 native plugins for Editor in 0.00 ms.
Mono: successfully reloaded assembly
- Completed reload, in  2.033 seconds
Domain Reload Profiling:
	ReloadAssembly (2034ms)
		BeginReloadAssembly (175ms)
			ExecutionOrderSort (0ms)
			DisableScriptedObjects (6ms)
			BackupInstance (0ms)
			ReleaseScriptingObjects (0ms)
			CreateAndSetChildDomain (49ms)
		EndReloadAssembly (1744ms)
			LoadAssemblies (165ms)
			RebuildTransferFunctionScriptingTraits (0ms)
			SetupTypeCache (536ms)
			ReleaseScriptCaches (1ms)
			RebuildScriptCaches (78ms)
			SetupLoadedEditorAssemblies (752ms)
				LogAssemblyErrors (0ms)
				InitializePlatformSupportModulesInManaged (9ms)
				SetLoadedEditorAssemblies (1ms)
				RefreshPlugins (1ms)
				BeforeProcessingInitializeOnLoad (146ms)
				ProcessInitializeOnLoadAttributes (571ms)
				ProcessInitializeOnLoadMethodAttributes (8ms)
				AfterProcessingInitializeOnLoad (15ms)
				EditorAssembliesLoaded (0ms)
			ExecutionOrderSort2 (0ms)
			AwakeInstancesAfterBackupRestoration (14ms)
Platform modules already initialized, skipping
Refreshing native plugins compatible for Editor in 0.75 ms, found 5 plugins.
Preloading 0 native plugins for Editor in 0.00 ms.
Unloading 1655 Unused Serialized files (Serialized files now loaded: 0)
System memory in use before: 81.5 MB.
System memory in use after: 79.3 MB.

Unloading 55 unused Assets to reduce memory usage. Loaded Objects now: 2120.
Total: 6.318900 ms (FindLiveObjects: 0.356700 ms CreateObjectMapping: 0.069500 ms MarkObjects: 4.775500 ms  DeleteObjects: 1.115500 ms)

AssetImportParameters requested are different than current active one (requested -> active):
  custom:framework-win-MediaFoundation: 216162199b28c13a410421893ffa2e32 -> 
  custom:video-decoder-ogg-theora: a1e56fd34408186e4bbccfd4996cb3dc -> 
  custom:container-muxer-webm: aa71ff27fc2769a1b78a27578f13a17b -> 
  custom:container-demuxer-webm: 4f35f7cbe854078d1ac9338744f61a02 -> 
  custom:container-demuxer-ogg: 62fdf1f143b41e24485cea50d1cbac27 -> 
  custom:video-encoder-webm-vp8: eb34c28f22e8b96e1ab97ce403110664 -> 
  custom:video-decoder-webm-vp8: 9c59270c3fd7afecdb556c50c9e8de78 -> 
  custom:audio-decoder-ogg-vorbis: bf7c407c2cedff20999df2af8eb42d56 -> 
  custom:audio-encoder-webm-vorbis: bf7c407c2cedff20999df2af8eb42d56 -> 
========================================================================
Received Import Request.
  Time since last request: 923.093311 seconds.
  path: Assets/PP Profile.asset
  artifactKey: Guid(fd730451648118b458bdbc96e59ccf74) Importer(815301076,1909f56bfc062723c751e8b465ee728b)
Start importing Assets/PP Profile.asset using Guid(fd730451648118b458bdbc96e59ccf74) Importer(815301076,1909f56bfc062723c751e8b465ee728b)  -> (artifact id: 'ff6428f30f4142c2dfa8710b5764de31') in 0.044396 seconds 
  Import took 0.059284 seconds .

========================================================================
Received Prepare
Registering precompiled user dll's ...
Registered in 0.007896 seconds.
Begin MonoManager ReloadAssembly
Native extension for WindowsStandalone target not found
Refreshing native plugins compatible for Editor in 0.82 ms, found 5 plugins.
Preloading 0 native plugins for Editor in 0.00 ms.
Mono: successfully reloaded assembly
- Completed reload, in  1.885 seconds
Domain Reload Profiling:
	ReloadAssembly (1886ms)
		BeginReloadAssembly (169ms)
			ExecutionOrderSort (0ms)
			DisableScriptedObjects (10ms)
			BackupInstance (0ms)
			ReleaseScriptingObjects (0ms)
			CreateAndSetChildDomain (48ms)
		EndReloadAssembly (1602ms)
			LoadAssemblies (148ms)
			RebuildTransferFunctionScriptingTraits (0ms)
			SetupTypeCache (486ms)
			ReleaseScriptCaches (2ms)
			RebuildScriptCaches (89ms)
			SetupLoadedEditorAssemblies (701ms)
				LogAssemblyErrors (0ms)
				InitializePlatformSupportModulesInManaged (8ms)
				SetLoadedEditorAssemblies (1ms)
				RefreshPlugins (1ms)
				BeforeProcessingInitializeOnLoad (134ms)
				ProcessInitializeOnLoadAttributes (537ms)
				ProcessInitializeOnLoadMethodAttributes (6ms)
				AfterProcessingInitializeOnLoad (13ms)
				EditorAssembliesLoaded (0ms)
			ExecutionOrderSort2 (0ms)
			AwakeInstancesAfterBackupRestoration (11ms)
Platform modules already initialized, skipping
Refreshing native plugins compatible for Editor in 0.66 ms, found 5 plugins.
Preloading 0 native plugins for Editor in 0.00 ms.
Unloading 1655 Unused Serialized files (Serialized files now loaded: 0)
System memory in use before: 81.5 MB.
System memory in use after: 79.3 MB.

Unloading 53 unused Assets to reduce memory usage. Loaded Objects now: 2122.
Total: 5.360500 ms (FindLiveObjects: 0.256700 ms CreateObjectMapping: 0.068300 ms MarkObjects: 3.970200 ms  DeleteObjects: 1.063500 ms)

AssetImportParameters requested are different than current active one (requested -> active):
  custom:framework-win-MediaFoundation: 216162199b28c13a410421893ffa2e32 -> 
  custom:video-decoder-ogg-theora: a1e56fd34408186e4bbccfd4996cb3dc -> 
  custom:container-muxer-webm: aa71ff27fc2769a1b78a27578f13a17b -> 
  custom:container-demuxer-webm: 4f35f7cbe854078d1ac9338744f61a02 -> 
  custom:container-demuxer-ogg: 62fdf1f143b41e24485cea50d1cbac27 -> 
  custom:video-encoder-webm-vp8: eb34c28f22e8b96e1ab97ce403110664 -> 
  custom:video-decoder-webm-vp8: 9c59270c3fd7afecdb556c50c9e8de78 -> 
  custom:audio-decoder-ogg-vorbis: bf7c407c2cedff20999df2af8eb42d56 -> 
  custom:audio-encoder-webm-vorbis: bf7c407c2cedff20999df2af8eb42d56 -> 
========================================================================
Received Prepare
Registering precompiled user dll's ...
Registered in 0.008456 seconds.
Begin MonoManager ReloadAssembly
Native extension for WindowsStandalone target not found
Refreshing native plugins compatible for Editor in 0.79 ms, found 5 plugins.
Preloading 0 native plugins for Editor in 0.00 ms.
Mono: successfully reloaded assembly
- Completed reload, in  1.863 seconds
Domain Reload Profiling:
	ReloadAssembly (1864ms)
		BeginReloadAssembly (181ms)
			ExecutionOrderSort (0ms)
			DisableScriptedObjects (8ms)
			BackupInstance (0ms)
			ReleaseScriptingObjects (0ms)
			CreateAndSetChildDomain (47ms)
		EndReloadAssembly (1568ms)
			LoadAssemblies (156ms)
			RebuildTransferFunctionScriptingTraits (0ms)
			SetupTypeCache (445ms)
			ReleaseScriptCaches (1ms)
			RebuildScriptCaches (67ms)
			SetupLoadedEditorAssemblies (729ms)
				LogAssemblyErrors (0ms)
				InitializePlatformSupportModulesInManaged (10ms)
				SetLoadedEditorAssemblies (1ms)
				RefreshPlugins (1ms)
				BeforeProcessingInitializeOnLoad (127ms)
				ProcessInitializeOnLoadAttributes (571ms)
				ProcessInitializeOnLoadMethodAttributes (7ms)
				AfterProcessingInitializeOnLoad (13ms)
				EditorAssembliesLoaded (0ms)
			ExecutionOrderSort2 (0ms)
			AwakeInstancesAfterBackupRestoration (10ms)
Platform modules already initialized, skipping
Refreshing native plugins compatible for Editor in 0.74 ms, found 5 plugins.
Preloading 0 native plugins for Editor in 0.00 ms.
Unloading 1655 Unused Serialized files (Serialized files now loaded: 0)
System memory in use before: 81.5 MB.
System memory in use after: 79.3 MB.

Unloading 53 unused Assets to reduce memory usage. Loaded Objects now: 2124.
Total: 6.194700 ms (FindLiveObjects: 0.275900 ms CreateObjectMapping: 0.066500 ms MarkObjects: 4.412400 ms  DeleteObjects: 1.437700 ms)

AssetImportParameters requested are different than current active one (requested -> active):
  custom:framework-win-MediaFoundation: 216162199b28c13a410421893ffa2e32 -> 
  custom:video-decoder-ogg-theora: a1e56fd34408186e4bbccfd4996cb3dc -> 
  custom:container-muxer-webm: aa71ff27fc2769a1b78a27578f13a17b -> 
  custom:container-demuxer-webm: 4f35f7cbe854078d1ac9338744f61a02 -> 
  custom:container-demuxer-ogg: 62fdf1f143b41e24485cea50d1cbac27 -> 
  custom:video-encoder-webm-vp8: eb34c28f22e8b96e1ab97ce403110664 -> 
  custom:video-decoder-webm-vp8: 9c59270c3fd7afecdb556c50c9e8de78 -> 
  custom:audio-decoder-ogg-vorbis: bf7c407c2cedff20999df2af8eb42d56 -> 
  custom:audio-encoder-webm-vorbis: bf7c407c2cedff20999df2af8eb42d56 -> 
========================================================================
Received Import Request.
  Time since last request: 475.425803 seconds.
  path: Assets/Scenes
  artifactKey: Guid(a8501002e3555ac4e9ffebcc28f031db) Importer(815301076,1909f56bfc062723c751e8b465ee728b)
Start importing Assets/Scenes using Guid(a8501002e3555ac4e9ffebcc28f031db) Importer(815301076,1909f56bfc062723c751e8b465ee728b)  -> (artifact id: 'de8c107dc72596b155123182d1903905') in 0.024047 seconds 
  Import took 0.049863 seconds .

========================================================================
Received Import Request.
  Time since last request: 0.266834 seconds.
  path: Assets/Render Textures/Cube.renderTexture
  artifactKey: Guid(d16523b3a94bf7645893c1d6de9dd695) Importer(815301076,1909f56bfc062723c751e8b465ee728b)
Start importing Assets/Render Textures/Cube.renderTexture using Guid(d16523b3a94bf7645893c1d6de9dd695) Importer(815301076,1909f56bfc062723c751e8b465ee728b)  -> (artifact id: 'ea5f8411c0306b9fba4b1f0e9f9db687') in 0.133713 seconds 
  Import took 0.138066 seconds .

========================================================================
Received Import Request.
  Time since last request: 0.000411 seconds.
  path: Assets/Render Textures/Cube2.renderTexture
  artifactKey: Guid(5a6245eb1caeae142ba234a5730adc19) Importer(815301076,1909f56bfc062723c751e8b465ee728b)
Start importing Assets/Render Textures/Cube2.renderTexture using Guid(5a6245eb1caeae142ba234a5730adc19) Importer(815301076,1909f56bfc062723c751e8b465ee728b)  -> (artifact id: 'cff4ad6baef00c84e1032a93ca0b555e') in 0.024203 seconds 
  Import took 0.032510 seconds .

========================================================================
Received Prepare
Registering precompiled user dll's ...
Registered in 0.008112 seconds.
Begin MonoManager ReloadAssembly
Native extension for WindowsStandalone target not found
Refreshing native plugins compatible for Editor in 0.90 ms, found 5 plugins.
Preloading 0 native plugins for Editor in 0.00 ms.
Mono: successfully reloaded assembly
- Completed reload, in  1.773 seconds
Domain Reload Profiling:
	ReloadAssembly (1774ms)
		BeginReloadAssembly (167ms)
			ExecutionOrderSort (0ms)
			DisableScriptedObjects (9ms)
			BackupInstance (0ms)
			ReleaseScriptingObjects (0ms)
			CreateAndSetChildDomain (54ms)
		EndReloadAssembly (1503ms)
			LoadAssemblies (137ms)
			RebuildTransferFunctionScriptingTraits (0ms)
			SetupTypeCache (465ms)
			ReleaseScriptCaches (1ms)
			RebuildScriptCaches (66ms)
			SetupLoadedEditorAssemblies (657ms)
				LogAssemblyErrors (0ms)
				InitializePlatformSupportModulesInManaged (7ms)
				SetLoadedEditorAssemblies (1ms)
				RefreshPlugins (1ms)
				BeforeProcessingInitializeOnLoad (117ms)
				ProcessInitializeOnLoadAttributes (506ms)
				ProcessInitializeOnLoadMethodAttributes (9ms)
				AfterProcessingInitializeOnLoad (16ms)
				EditorAssembliesLoaded (1ms)
			ExecutionOrderSort2 (0ms)
			AwakeInstancesAfterBackupRestoration (18ms)
Platform modules already initialized, skipping
Refreshing native plugins compatible for Editor in 0.69 ms, found 5 plugins.
Preloading 0 native plugins for Editor in 0.00 ms.
Unloading 1655 Unused Serialized files (Serialized files now loaded: 0)
System memory in use before: 81.5 MB.
System memory in use after: 79.4 MB.

Unloading 53 unused Assets to reduce memory usage. Loaded Objects now: 2129.
Total: 6.651100 ms (FindLiveObjects: 0.275400 ms CreateObjectMapping: 0.088200 ms MarkObjects: 5.078200 ms  DeleteObjects: 1.207100 ms)

AssetImportParameters requested are different than current active one (requested -> active):
  custom:framework-win-MediaFoundation: 216162199b28c13a410421893ffa2e32 -> 
  custom:video-decoder-ogg-theora: a1e56fd34408186e4bbccfd4996cb3dc -> 
  custom:container-muxer-webm: aa71ff27fc2769a1b78a27578f13a17b -> 
  custom:container-demuxer-webm: 4f35f7cbe854078d1ac9338744f61a02 -> 
  custom:container-demuxer-ogg: 62fdf1f143b41e24485cea50d1cbac27 -> 
  custom:video-encoder-webm-vp8: eb34c28f22e8b96e1ab97ce403110664 -> 
  custom:video-decoder-webm-vp8: 9c59270c3fd7afecdb556c50c9e8de78 -> 
  custom:audio-decoder-ogg-vorbis: bf7c407c2cedff20999df2af8eb42d56 -> 
  custom:audio-encoder-webm-vorbis: bf7c407c2cedff20999df2af8eb42d56 -> 
AssetImportWorkerClient::OnTransportError - code=2 error=End of file
